<?xml version="1.0" encoding="UTF-8"?>
<!-- Generated by org.testng.reporters.JUnitReportReporter -->
<testsuite hostname="DESKTOP-GEMRENE" name="com.test.GoogleTitleTest" tests="2" failures="0" timestamp="14 May 2019 21:57:07 GMT" time="12.807" errors="0">
  <testcase name="googleTitleTest" time="6.150" classname="com.test.GoogleTitleTest"/>
  <testcase name="googleLogoTest" time="6.657" classname="com.test.GoogleTitleTest"/>
</testsuite> <!-- com.test.GoogleTitleTest -->
