<?xml version="1.0" encoding="UTF-8"?>
<!-- Generated by org.testng.reporters.JUnitReportReporter -->
<testsuite hostname="DESKTOP-GEMRENE" name="com.test.TestNgBasics" tests="1" failures="0" timestamp="14 May 2019 21:29:07 GMT" time="0.018" errors="0">
  <testcase name="googleTitleTest" time="0.018" classname="com.test.TestNgBasics"/>
</testsuite> <!-- com.test.TestNgBasics -->
